2022-03-24 16:11:34	void org.eservice.notice.component.ApplicationStartupTask.run(String[])	11
2022-03-24 16:11:51	String org.eservice.notice.component.NoticeAPI.getImagePath()	14
2022-03-24 16:11:51	ImageField org.eservice.notice.component.NoticeAPI.createImageField(String)	4
2022-03-24 16:11:51	List org.eservice.notice.repository.NoticeRepository.findByNoticeNum(String)	96
2022-03-24 16:12:01	void org.eservice.notice.component.NoticeAPI.createNotice(NoticeNumEnum,RecipientAddress)	10124
2022-03-24 16:12:01	List org.eservice.notice.repository.NoticeRepository.findByNoticeNum(String)	28
2022-03-24 16:12:01	List org.eservice.notice.repository.NoticeFieldsRepository.findMergeFieldsByNoticeId(String)	24
2022-03-24 16:12:01	TextField org.eservice.notice.component.NoticeAPI.createTextField(String)	0
2022-03-24 16:12:01	TextField org.eservice.notice.component.NoticeAPI.createTextField(String)	0
2022-03-24 16:12:01	TextField org.eservice.notice.component.NoticeAPI.createTextField(String)	0
2022-03-24 16:12:01	TextField org.eservice.notice.component.NoticeAPI.createTextField(String)	0
2022-03-24 16:12:01	QrCodeField org.eservice.notice.component.NoticeAPI.createQrCodeField(String,int,int)	2
2022-03-24 16:12:01	List org.eservice.notice.repository.NoticeFieldsRepository.findAllByNoticeId(String)	12
2022-03-24 16:12:02	void org.eservice.notice.component.NoticeAPI.populateMergeFields(Map)	438
2022-03-24 16:12:02	List org.eservice.notice.repository.NoticeFieldsRepository.findTableFieldsByNoticeId(String)	9
2022-03-24 16:12:02	void org.eservice.notice.component.NoticeAPI.allFieldsReady()	0
2022-03-24 16:12:02	void org.eservice.notice.component.NoticeAPI.dbUploadFields()	201
2022-03-24 16:12:04	CmSignatory org.eservice.notice.repository.SignatoryRepository.findBySignatoryId(String)	14
2022-03-24 16:12:28	ByteArrayOutputStream org.eservice.notice.component.NoticeAPI.generateNotice()	26206
2022-03-24 16:12:28	ResponseEntity org.eservice.notice.controller.GenerateProgramCode.generateMockPdf(String)	37368
2022-03-24 16:43:51	void org.eservice.notice.component.ApplicationStartupTask.run(String[])	9
2022-03-24 16:45:55	ResponseEntity org.eservice.notice.controller.GenerateNoticeAPI.getInstancesByName(String)	145
2022-03-24 16:47:09	ResponseEntity org.eservice.notice.controller.GenerateNoticeAPI.getInstancesByName(String)	10
2022-03-24 16:52:07	void org.eservice.notice.component.ApplicationStartupTask.run(String[])	11
2022-03-24 16:53:39	ResponseEntity org.eservice.notice.controller.GenerateNoticeAPI.getInstancesByName(String)	127
2022-03-24 16:54:48	void org.eservice.notice.component.ApplicationStartupTask.run(String[])	10
2022-03-24 16:54:48	List org.eservice.notice.repository.NoticeInstancesRepository.findByRecipientName(String,Date,Date,int)	100
2022-03-24 16:54:48	List org.eservice.notice.component.NoticeAPI.findNoticeInstances(NoticeQueryEnum,String,Date,Date)	113
2022-03-24 16:54:48	ResponseEntity org.eservice.notice.controller.GenerateNoticeAPI.getInstancesByName(String)	158
2022-03-24 16:55:07	List org.eservice.notice.repository.NoticeInstancesRepository.findByRecipientName(String,Date,Date,int)	7
2022-03-24 16:55:07	List org.eservice.notice.component.NoticeAPI.findNoticeInstances(NoticeQueryEnum,String,Date,Date)	8
2022-03-24 16:55:07	ResponseEntity org.eservice.notice.controller.GenerateNoticeAPI.getInstancesByName(String)	10
2022-03-24 16:55:15	List org.eservice.notice.repository.NoticeInstancesRepository.findByRecipientName(String,Date,Date,int)	6
2022-03-24 16:55:15	List org.eservice.notice.component.NoticeAPI.findNoticeInstances(NoticeQueryEnum,String,Date,Date)	7
2022-03-24 16:55:15	ResponseEntity org.eservice.notice.controller.GenerateNoticeAPI.getInstancesByName(String)	9
2022-03-24 16:57:26	void org.eservice.notice.component.ApplicationStartupTask.run(String[])	22
2022-03-24 16:57:31	List org.eservice.notice.repository.NoticeInstancesRepository.findByRecipientName(String,Date,Date,int)	73
2022-03-24 16:57:31	List org.eservice.notice.component.NoticeAPI.findNoticeInstances(NoticeQueryEnum,String,Date,Date)	97
2022-03-24 16:57:31	ResponseEntity org.eservice.notice.controller.GenerateNoticeAPI.getInstancesByName(String)	121
2022-03-24 16:57:35	List org.eservice.notice.repository.NoticeInstancesRepository.findByRecipientName(String,Date,Date,int)	7
2022-03-24 16:57:35	List org.eservice.notice.component.NoticeAPI.findNoticeInstances(NoticeQueryEnum,String,Date,Date)	8
2022-03-24 16:57:35	ResponseEntity org.eservice.notice.controller.GenerateNoticeAPI.getInstancesByName(String)	10
2022-03-24 17:08:40	void org.eservice.notice.component.ApplicationStartupTask.run(String[])	9
2022-03-24 17:12:37	void org.eservice.notice.component.ApplicationStartupTask.run(String[])	27
2022-03-24 17:13:15	List org.eservice.notice.repository.NoticeInstancesRepository.findByRecipientName(String,String,String,int)	64
2022-03-24 17:13:15	List org.eservice.notice.component.NoticeAPI.findNoticeInstances(NoticeQueryEnum,String,String,String)	81
2022-03-24 17:13:15	ResponseEntity org.eservice.notice.controller.GenerateNoticeAPI.getInstancesByName(String)	99
2022-03-24 17:13:42	List org.eservice.notice.repository.NoticeInstancesRepository.findByRecipientName(String,String,String,int)	13
2022-03-24 17:13:42	List org.eservice.notice.component.NoticeAPI.findNoticeInstances(NoticeQueryEnum,String,String,String)	13
2022-03-24 17:13:42	ResponseEntity org.eservice.notice.controller.GenerateNoticeAPI.getInstancesByName(String)	16
2022-03-24 17:17:50	void org.eservice.notice.component.ApplicationStartupTask.run(String[])	13
2022-03-24 17:18:36	List org.eservice.notice.repository.NoticeInstancesRepository.findByRecipientName(String,String,String,int)	72
2022-03-24 17:18:36	List org.eservice.notice.component.NoticeAPI.findNoticeInstances(NoticeQueryEnum,String,String,String)	91
2022-03-24 17:18:36	ResponseEntity org.eservice.notice.controller.GenerateNoticeAPI.getInstancesByName(String)	120
2022-03-24 17:18:40	List org.eservice.notice.repository.NoticeInstancesRepository.findByRecipientName(String,String,String,int)	6
2022-03-24 17:18:40	List org.eservice.notice.component.NoticeAPI.findNoticeInstances(NoticeQueryEnum,String,String,String)	6
2022-03-24 17:18:40	ResponseEntity org.eservice.notice.controller.GenerateNoticeAPI.getInstancesByName(String)	9
2022-03-24 17:20:00	List org.eservice.notice.repository.NoticeInstancesRepository.findByRecipientName(String,String,String,int)	8
2022-03-24 17:20:00	List org.eservice.notice.component.NoticeAPI.findNoticeInstances(NoticeQueryEnum,String,String,String)	9
2022-03-24 17:20:00	ResponseEntity org.eservice.notice.controller.GenerateNoticeAPI.getInstancesByName(String)	12
2022-03-24 17:20:52	void org.eservice.notice.component.ApplicationStartupTask.run(String[])	19
2022-03-24 17:21:45	List org.eservice.notice.repository.NoticeInstancesRepository.findByRecipientName(String,String,String,int)	66
2022-03-24 17:21:45	List org.eservice.notice.component.NoticeAPI.findNoticeInstances(NoticeQueryEnum,String,String,String)	81
2022-03-24 17:21:45	ResponseEntity org.eservice.notice.controller.GenerateNoticeAPI.getInstancesByName(String)	106
2022-03-24 17:22:42	List org.eservice.notice.repository.NoticeInstancesRepository.findByRecipientName(String,String,String,int)	11
2022-03-24 17:22:42	List org.eservice.notice.component.NoticeAPI.findNoticeInstances(NoticeQueryEnum,String,String,String)	12
2022-03-24 17:22:42	ResponseEntity org.eservice.notice.controller.GenerateNoticeAPI.getInstancesByName(String)	17
2022-03-24 17:42:10	void org.eservice.notice.component.ApplicationStartupTask.run(String[])	10
2022-03-24 17:43:54	void org.eservice.notice.component.ApplicationStartupTask.run(String[])	9
2022-03-24 17:44:52	List org.eservice.notice.repository.NoticeInstancesRepository.findByRecipientName(String,String,String,int)	58
2022-03-24 17:44:52	List org.eservice.notice.component.NoticeAPI.findNoticeInstances(NoticeQueryEnum,String,String,String)	74
2022-03-24 17:44:52	ResponseEntity org.eservice.notice.controller.GenerateNoticeAPI.getInstancesByName(String,String)	100
2022-03-24 17:49:12	void org.eservice.notice.component.ApplicationStartupTask.run(String[])	14
2022-03-24 17:49:31	List org.eservice.notice.repository.NoticeInstancesRepository.findByRecipientName(String,String,String,int)	107
2022-03-24 17:49:31	List org.eservice.notice.component.NoticeAPI.findNoticeInstances(NoticeQueryEnum,String,String,String)	124
2022-03-24 17:49:31	ResponseEntity org.eservice.notice.controller.GenerateNoticeAPI.getInstancesByName(String,String)	169
2022-03-24 17:49:42	List org.eservice.notice.repository.NoticeInstancesRepository.findByRecipientName(String,String,String,int)	9
2022-03-24 17:49:42	List org.eservice.notice.component.NoticeAPI.findNoticeInstances(NoticeQueryEnum,String,String,String)	11
2022-03-24 17:49:42	ResponseEntity org.eservice.notice.controller.GenerateNoticeAPI.getInstancesByName(String,String)	13
2022-03-24 17:49:56	List org.eservice.notice.repository.NoticeInstancesRepository.findByRecipientName(String,String,String,int)	9
2022-03-24 17:49:56	List org.eservice.notice.component.NoticeAPI.findNoticeInstances(NoticeQueryEnum,String,String,String)	10
2022-03-24 17:49:56	ResponseEntity org.eservice.notice.controller.GenerateNoticeAPI.getInstancesByName(String,String)	14
2022-03-24 17:52:36	void org.eservice.notice.component.ApplicationStartupTask.run(String[])	8
2022-03-24 17:53:46	List org.eservice.notice.repository.NoticeInstancesRepository.findByRecipientName(String,String,String,int)	98
2022-03-24 17:53:46	List org.eservice.notice.component.NoticeAPI.findNoticeInstances(NoticeQueryEnum,String,String,String)	118
2022-03-24 17:53:46	ResponseEntity org.eservice.notice.controller.GenerateNoticeAPI.getInstancesByName(String,String)	158
2022-03-24 17:54:00	List org.eservice.notice.repository.NoticeInstancesRepository.findByRecipientName(String,String,String,int)	7
2022-03-24 17:54:00	List org.eservice.notice.component.NoticeAPI.findNoticeInstances(NoticeQueryEnum,String,String,String)	8
2022-03-24 17:54:00	ResponseEntity org.eservice.notice.controller.GenerateNoticeAPI.getInstancesByName(String,String)	12
2022-03-24 17:54:04	List org.eservice.notice.repository.NoticeInstancesRepository.findByRecipientName(String,String,String,int)	8
2022-03-24 17:54:04	List org.eservice.notice.component.NoticeAPI.findNoticeInstances(NoticeQueryEnum,String,String,String)	9
2022-03-24 17:54:04	ResponseEntity org.eservice.notice.controller.GenerateNoticeAPI.getInstancesByName(String,String)	12
2022-03-24 17:56:51	List org.eservice.notice.repository.NoticeInstancesRepository.findByRecipientName(String,String,String,int)	13
2022-03-24 17:56:51	List org.eservice.notice.component.NoticeAPI.findNoticeInstances(NoticeQueryEnum,String,String,String)	13
2022-03-24 17:56:51	ResponseEntity org.eservice.notice.controller.GenerateNoticeAPI.getInstancesByName(String,String)	18
2022-03-24 17:56:54	List org.eservice.notice.repository.NoticeInstancesRepository.findByRecipientName(String,String,String,int)	14
2022-03-24 17:56:54	List org.eservice.notice.component.NoticeAPI.findNoticeInstances(NoticeQueryEnum,String,String,String)	14
2022-03-24 17:56:54	ResponseEntity org.eservice.notice.controller.GenerateNoticeAPI.getInstancesByName(String,String)	19
2022-03-24 17:59:15	List org.eservice.notice.repository.NoticeInstancesRepository.findByRecipientName(String,String,String,int)	9
2022-03-24 17:59:15	List org.eservice.notice.component.NoticeAPI.findNoticeInstances(NoticeQueryEnum,String,String,String)	10
2022-03-24 17:59:15	ResponseEntity org.eservice.notice.controller.GenerateNoticeAPI.getInstancesByName(String,String)	15
2022-03-24 19:28:06	ResponseEntity org.eservice.notice.controller.GenerateNoticeAPI.getInstancesByName(String,String)	5
2022-03-24 19:28:25	List org.eservice.notice.repository.NoticeInstancesRepository.findByNoticeNum(String,String,String,int)	10
2022-03-24 19:28:25	List org.eservice.notice.component.NoticeAPI.findNoticeInstances(NoticeQueryEnum,String,String,String)	11
2022-03-24 19:28:25	ResponseEntity org.eservice.notice.controller.GenerateNoticeAPI.getInstancesByName(String,String)	13
2022-03-24 19:28:35	List org.eservice.notice.repository.NoticeInstancesRepository.findByNoticeNum(String,String,String,int)	21
2022-03-24 19:28:35	List org.eservice.notice.component.NoticeAPI.findNoticeInstances(NoticeQueryEnum,String,String,String)	22
2022-03-24 19:28:35	ResponseEntity org.eservice.notice.controller.GenerateNoticeAPI.getInstancesByName(String,String)	37
2022-03-24 19:29:17	List org.eservice.notice.repository.NoticeInstancesRepository.findByNoticeId(String,String,String,int)	21
2022-03-24 19:29:17	List org.eservice.notice.component.NoticeAPI.findNoticeInstances(NoticeQueryEnum,String,String,String)	22
2022-03-24 19:29:17	ResponseEntity org.eservice.notice.controller.GenerateNoticeAPI.getInstancesByName(String,String)	27
2022-03-24 19:29:49	List org.eservice.notice.repository.NoticeInstancesRepository.findByRecipientName(String,String,String,int)	15
2022-03-24 19:29:49	List org.eservice.notice.component.NoticeAPI.findNoticeInstances(NoticeQueryEnum,String,String,String)	16
2022-03-24 19:29:49	ResponseEntity org.eservice.notice.controller.GenerateNoticeAPI.getInstancesByName(String,String)	21
2022-03-24 19:29:59	List org.eservice.notice.repository.NoticeInstancesRepository.findByRecipientName(String,String,String,int)	9
2022-03-24 19:29:59	List org.eservice.notice.component.NoticeAPI.findNoticeInstances(NoticeQueryEnum,String,String,String)	10
2022-03-24 19:29:59	ResponseEntity org.eservice.notice.controller.GenerateNoticeAPI.getInstancesByName(String,String)	12
2022-03-24 19:30:08	List org.eservice.notice.repository.NoticeInstancesRepository.findByRecipientName(String,String,String,int)	8
2022-03-24 19:30:08	List org.eservice.notice.component.NoticeAPI.findNoticeInstances(NoticeQueryEnum,String,String,String)	9
2022-03-24 19:30:08	ResponseEntity org.eservice.notice.controller.GenerateNoticeAPI.getInstancesByName(String,String)	12
2022-03-24 19:30:15	List org.eservice.notice.repository.NoticeInstancesRepository.findByRecipientName(String,String,String,int)	11
2022-03-24 19:30:15	List org.eservice.notice.component.NoticeAPI.findNoticeInstances(NoticeQueryEnum,String,String,String)	12
2022-03-24 19:30:15	ResponseEntity org.eservice.notice.controller.GenerateNoticeAPI.getInstancesByName(String,String)	17
2022-03-24 20:07:00	void org.eservice.notice.component.ApplicationStartupTask.run(String[])	12
2022-03-24 20:08:25	String org.eservice.notice.component.NoticeAPI.getImagePath()	10
2022-03-24 20:08:25	ImageField org.eservice.notice.component.NoticeAPI.createImageField(String)	3
2022-03-24 20:08:25	List org.eservice.notice.repository.NoticeRepository.findByNoticeNum(String)	58
2022-03-24 20:08:31	void org.eservice.notice.component.NoticeAPI.createNotice(NoticeNumEnum,RecipientAddress)	6073
2022-03-24 20:08:31	List org.eservice.notice.repository.NoticeRepository.findByNoticeNum(String)	6
2022-03-24 20:08:31	List org.eservice.notice.repository.NoticeFieldsRepository.findMergeFieldsByNoticeId(String)	11
2022-03-24 20:08:31	QrCodeField org.eservice.notice.component.NoticeAPI.createQrCodeField(String,int,int)	2
2022-03-24 20:08:31	TextField org.eservice.notice.component.NoticeAPI.createTextField(String)	0
2022-03-24 20:08:32	TextField org.eservice.notice.component.NoticeAPI.createTextField(String)	0
2022-03-24 20:08:32	TextField org.eservice.notice.component.NoticeAPI.createTextField(String)	0
2022-03-24 20:08:32	TextField org.eservice.notice.component.NoticeAPI.createTextField(String)	0
2022-03-24 20:08:32	QrCodeField org.eservice.notice.component.NoticeAPI.createQrCodeField(String,int,int)	0
2022-03-24 20:08:32	QrCodeField org.eservice.notice.component.NoticeAPI.createQrCodeField(String,int,int)	0
2022-03-24 20:08:32	QrCodeField org.eservice.notice.component.NoticeAPI.createQrCodeField(String,int,int)	0
2022-03-24 20:08:32	List org.eservice.notice.repository.NoticeFieldsRepository.findAllByNoticeId(String)	8
2022-03-24 20:08:32	void org.eservice.notice.component.NoticeAPI.populateMergeFields(Map)	323
2022-03-24 20:08:32	List org.eservice.notice.repository.NoticeFieldsRepository.findTableFieldsByNoticeId(String)	9
2022-03-24 20:08:32	List org.eservice.notice.repository.NoticeFieldsRepository.findAllByNoticeId(String)	11
2022-03-24 20:08:32	void org.eservice.notice.component.NoticeAPI.populateTableField(String,Map)	12
2022-03-24 20:08:32	List org.eservice.notice.repository.NoticeFieldsRepository.findAllByNoticeId(String)	5
2022-03-24 20:08:32	void org.eservice.notice.component.NoticeAPI.populateTableField(String,Map)	6
2022-03-24 20:08:32	List org.eservice.notice.repository.NoticeFieldsRepository.findAllByNoticeId(String)	5
2022-03-24 20:08:32	void org.eservice.notice.component.NoticeAPI.populateTableField(String,Map)	7
2022-03-24 20:08:32	List org.eservice.notice.repository.NoticeFieldsRepository.findAllByNoticeId(String)	5
2022-03-24 20:08:32	void org.eservice.notice.component.NoticeAPI.populateTableField(String,Map)	6
2022-03-24 20:08:32	List org.eservice.notice.repository.NoticeFieldsRepository.findAllByNoticeId(String)	6
2022-03-24 20:08:32	void org.eservice.notice.component.NoticeAPI.populateTableField(String,Map)	7
2022-03-24 20:08:32	void org.eservice.notice.component.NoticeAPI.allFieldsReady()	0
2022-03-24 20:08:32	void org.eservice.notice.component.NoticeAPI.dbUploadFields()	188
2022-03-24 20:08:33	CmSignatory org.eservice.notice.repository.SignatoryRepository.findBySignatoryId(String)	7
2022-03-24 20:09:08	ByteArrayOutputStream org.eservice.notice.component.NoticeAPI.generateNotice()	36026
2022-03-24 20:09:08	ResponseEntity org.eservice.notice.controller.GenerateProgramCode.generateMockPdf(String)	43009
2022-03-24 12:16:37	void org.eservice.notice.component.ApplicationStartupTask.run(String[])	13
2022-03-24 12:16:46	String org.eservice.notice.component.NoticeAPI.getImagePath()	10
2022-03-24 12:16:46	ImageField org.eservice.notice.component.NoticeAPI.createImageField(String)	4
2022-03-24 12:16:46	List org.eservice.notice.repository.NoticeRepository.findByNoticeNum(String)	64
2022-03-24 12:16:53	void org.eservice.notice.component.NoticeAPI.createNotice(NoticeNumEnum,RecipientAddress)	7089
2022-03-24 12:16:53	List org.eservice.notice.repository.NoticeRepository.findByNoticeNum(String)	7
2022-03-24 12:16:53	List org.eservice.notice.repository.NoticeFieldsRepository.findMergeFieldsByNoticeId(String)	10
2022-03-24 12:16:53	List org.eservice.notice.repository.NoticeFieldsRepository.findTableFieldsByNoticeId(String)	9
2022-03-24 12:16:53	void org.eservice.notice.component.NoticeAPI.allFieldsReady()	1
2022-03-24 12:16:53	void org.eservice.notice.component.NoticeAPI.dbUploadFields()	200
2022-03-24 12:16:54	CmSignatory org.eservice.notice.repository.SignatoryRepository.findBySignatoryId(String)	7
2022-03-24 12:17:04	String org.eservice.notice.component.NoticeAPI.getImagePath()	0
2022-03-24 12:17:04	ImageField org.eservice.notice.component.NoticeAPI.createImageField(String)	1
2022-03-24 12:17:04	ByteArrayOutputStream org.eservice.notice.component.NoticeAPI.generateNotice()	10699
2022-03-24 12:17:04	ResponseEntity org.eservice.notice.controller.GenerateProgramCode.generateMockPdf(String)	18319
2022-03-24 12:17:04	List org.eservice.notice.repository.NoticeRepository.findByNoticeNum(String)	7
2022-03-24 12:17:04	void org.eservice.notice.component.NoticeAPI.createNotice(NoticeNumEnum,RecipientAddress)	38
2022-03-24 12:17:04	List org.eservice.notice.repository.NoticeRepository.findByNoticeNum(String)	5
2022-03-24 12:17:04	List org.eservice.notice.repository.NoticeFieldsRepository.findMergeFieldsByNoticeId(String)	8
2022-03-24 12:17:04	List org.eservice.notice.repository.NoticeFieldsRepository.findTableFieldsByNoticeId(String)	5
2022-03-24 12:17:04	void org.eservice.notice.component.NoticeAPI.allFieldsReady()	0
2022-03-24 12:17:04	void org.eservice.notice.component.NoticeAPI.dbUploadFields()	25
2022-03-24 12:17:04	CmSignatory org.eservice.notice.repository.SignatoryRepository.findBySignatoryId(String)	5
2022-03-24 12:17:08	ByteArrayOutputStream org.eservice.notice.component.NoticeAPI.generateNotice()	4378
2022-03-24 12:17:08	ResponseEntity org.eservice.notice.controller.GenerateProgramCode.generateMockPdf(String)	4538
2022-03-24 12:18:24	void org.eservice.notice.component.ApplicationStartupTask.run(String[])	15
2022-03-24 12:18:32	String org.eservice.notice.component.NoticeAPI.getImagePath()	16
2022-03-24 12:18:32	ImageField org.eservice.notice.component.NoticeAPI.createImageField(String)	3
2022-03-24 12:18:32	List org.eservice.notice.repository.NoticeRepository.findByNoticeNum(String)	78
2022-03-24 12:18:39	void org.eservice.notice.component.NoticeAPI.createNotice(NoticeNumEnum,RecipientAddress)	6606
2022-03-24 12:18:39	List org.eservice.notice.repository.NoticeRepository.findByNoticeNum(String)	7
2022-03-24 12:18:39	List org.eservice.notice.repository.NoticeFieldsRepository.findMergeFieldsByNoticeId(String)	9
2022-03-24 12:18:39	List org.eservice.notice.repository.NoticeFieldsRepository.findTableFieldsByNoticeId(String)	9
2022-03-24 12:18:39	void org.eservice.notice.component.NoticeAPI.allFieldsReady()	0
2022-03-24 12:18:39	void org.eservice.notice.component.NoticeAPI.dbUploadFields()	273
2022-03-24 12:18:40	CmSignatory org.eservice.notice.repository.SignatoryRepository.findBySignatoryId(String)	9
2022-03-24 12:18:49	ByteArrayOutputStream org.eservice.notice.component.NoticeAPI.generateNotice()	10117
2022-03-24 12:18:49	ResponseEntity org.eservice.notice.controller.GenerateProgramCode.generateMockPdf(String)	17336
2022-03-24 20:21:26	void org.eservice.notice.component.ApplicationStartupTask.run(String[])	17
2022-03-24 20:21:30	String org.eservice.notice.component.NoticeAPI.getImagePath()	45
2022-03-24 20:21:30	ImageField org.eservice.notice.component.NoticeAPI.createImageField(String)	4
2022-03-24 20:21:31	List org.eservice.notice.repository.NoticeRepository.findByNoticeNum(String)	94
2022-03-24 20:21:36	void org.eservice.notice.component.NoticeAPI.createNotice(NoticeNumEnum,RecipientAddress)	5798
2022-03-24 20:21:36	List org.eservice.notice.repository.NoticeRepository.findByNoticeNum(String)	5
2022-03-24 20:21:36	List org.eservice.notice.repository.NoticeFieldsRepository.findMergeFieldsByNoticeId(String)	6
2022-03-24 20:21:36	List org.eservice.notice.repository.NoticeFieldsRepository.findTableFieldsByNoticeId(String)	4
2022-03-24 20:21:36	void org.eservice.notice.component.NoticeAPI.allFieldsReady()	1
2022-03-24 20:21:36	void org.eservice.notice.component.NoticeAPI.dbUploadFields()	136
2022-03-24 20:21:38	CmSignatory org.eservice.notice.repository.SignatoryRepository.findBySignatoryId(String)	7
2022-03-24 20:21:48	ByteArrayOutputStream org.eservice.notice.component.NoticeAPI.generateNotice()	11441
2022-03-24 20:21:48	ResponseEntity org.eservice.notice.controller.GenerateProgramCode.generateMockPdf(String)	17840
2022-03-24 12:24:54	void org.eservice.notice.component.ApplicationStartupTask.run(String[])	14
2022-03-24 12:24:57	String org.eservice.notice.component.NoticeAPI.getImagePath()	16
2022-03-24 12:24:57	ImageField org.eservice.notice.component.NoticeAPI.createImageField(String)	4
2022-03-24 12:24:57	List org.eservice.notice.repository.NoticeRepository.findByNoticeNum(String)	84
2022-03-24 12:25:04	void org.eservice.notice.component.NoticeAPI.createNotice(NoticeNumEnum,RecipientAddress)	6996
2022-03-24 12:25:04	List org.eservice.notice.repository.NoticeRepository.findByNoticeNum(String)	6
2022-03-24 12:25:04	List org.eservice.notice.repository.NoticeFieldsRepository.findMergeFieldsByNoticeId(String)	7
2022-03-24 12:25:04	List org.eservice.notice.repository.NoticeFieldsRepository.findTableFieldsByNoticeId(String)	7
2022-03-24 12:25:04	void org.eservice.notice.component.NoticeAPI.allFieldsReady()	0
2022-03-24 12:25:04	void org.eservice.notice.component.NoticeAPI.dbUploadFields()	128
2022-03-24 12:25:05	CmSignatory org.eservice.notice.repository.SignatoryRepository.findBySignatoryId(String)	13
2022-03-24 12:25:13	ByteArrayOutputStream org.eservice.notice.component.NoticeAPI.generateNotice()	9172
2022-03-24 12:25:13	ResponseEntity org.eservice.notice.controller.GenerateProgramCode.generateMockPdf(String)	16692
2022-03-24 12:26:26	String org.eservice.notice.component.NoticeAPI.getImagePath()	0
2022-03-24 12:26:26	ImageField org.eservice.notice.component.NoticeAPI.createImageField(String)	1
2022-03-24 12:26:26	List org.eservice.notice.repository.NoticeRepository.findByNoticeNum(String)	9
2022-03-24 12:26:26	void org.eservice.notice.component.NoticeAPI.createNotice(NoticeNumEnum,RecipientAddress)	34
2022-03-24 12:26:26	List org.eservice.notice.repository.NoticeRepository.findByNoticeNum(String)	5
2022-03-24 12:26:26	List org.eservice.notice.repository.NoticeFieldsRepository.findMergeFieldsByNoticeId(String)	7
2022-03-24 12:26:26	List org.eservice.notice.repository.NoticeFieldsRepository.findTableFieldsByNoticeId(String)	4
2022-03-24 12:26:26	List org.eservice.notice.repository.NoticeFieldsRepository.findAllByNoticeId(String)	5
2022-03-24 12:26:26	void org.eservice.notice.component.NoticeAPI.populateTableField(String,Map)	6
2022-03-24 12:26:26	List org.eservice.notice.repository.NoticeFieldsRepository.findAllByNoticeId(String)	4
2022-03-24 12:26:26	void org.eservice.notice.component.NoticeAPI.populateTableField(String,Map)	5
2022-03-24 12:26:26	List org.eservice.notice.repository.NoticeFieldsRepository.findAllByNoticeId(String)	4
2022-03-24 12:26:26	void org.eservice.notice.component.NoticeAPI.populateTableField(String,Map)	5
2022-03-24 12:26:26	List org.eservice.notice.repository.NoticeFieldsRepository.findAllByNoticeId(String)	6
2022-03-24 12:26:26	void org.eservice.notice.component.NoticeAPI.populateTableField(String,Map)	6
2022-03-24 12:26:26	List org.eservice.notice.repository.NoticeFieldsRepository.findAllByNoticeId(String)	3
2022-03-24 12:26:26	void org.eservice.notice.component.NoticeAPI.populateTableField(String,Map)	4
2022-03-24 12:26:26	void org.eservice.notice.component.NoticeAPI.allFieldsReady()	0
2022-03-24 12:26:26	void org.eservice.notice.component.NoticeAPI.dbUploadFields()	16
2022-03-24 12:26:26	CmSignatory org.eservice.notice.repository.SignatoryRepository.findBySignatoryId(String)	4
2022-03-24 12:26:30	ByteArrayOutputStream org.eservice.notice.component.NoticeAPI.generateNotice()	4549
2022-03-24 12:26:30	ResponseEntity org.eservice.notice.controller.GenerateProgramCode.generateMockPdf(String)	4723
2022-03-24 20:28:02	void org.eservice.notice.component.ApplicationStartupTask.run(String[])	11
2022-03-24 20:28:09	String org.eservice.notice.component.NoticeAPI.getImagePath()	13
2022-03-24 20:28:09	ImageField org.eservice.notice.component.NoticeAPI.createImageField(String)	4
2022-03-24 20:28:09	List org.eservice.notice.repository.NoticeRepository.findByNoticeNum(String)	96
2022-03-24 20:28:17	void org.eservice.notice.component.NoticeAPI.createNotice(NoticeNumEnum,RecipientAddress)	8141
2022-03-24 20:28:17	List org.eservice.notice.repository.NoticeRepository.findByNoticeNum(String)	5
2022-03-24 20:28:17	List org.eservice.notice.repository.NoticeFieldsRepository.findMergeFieldsByNoticeId(String)	8
2022-03-24 20:28:17	List org.eservice.notice.repository.NoticeFieldsRepository.findTableFieldsByNoticeId(String)	8
2022-03-24 20:28:17	List org.eservice.notice.repository.NoticeFieldsRepository.findAllByNoticeId(String)	7
2022-03-24 20:28:17	void org.eservice.notice.component.NoticeAPI.populateTableField(String,Map)	9
2022-03-24 20:28:17	List org.eservice.notice.repository.NoticeFieldsRepository.findAllByNoticeId(String)	6
2022-03-24 20:28:17	void org.eservice.notice.component.NoticeAPI.populateTableField(String,Map)	7
2022-03-24 20:28:17	List org.eservice.notice.repository.NoticeFieldsRepository.findAllByNoticeId(String)	5
2022-03-24 20:28:17	void org.eservice.notice.component.NoticeAPI.populateTableField(String,Map)	6
2022-03-24 20:28:17	List org.eservice.notice.repository.NoticeFieldsRepository.findAllByNoticeId(String)	6
2022-03-24 20:28:17	void org.eservice.notice.component.NoticeAPI.populateTableField(String,Map)	6
2022-03-24 20:28:17	List org.eservice.notice.repository.NoticeFieldsRepository.findAllByNoticeId(String)	3
2022-03-24 20:28:17	void org.eservice.notice.component.NoticeAPI.populateTableField(String,Map)	4
2022-03-24 20:28:17	void org.eservice.notice.component.NoticeAPI.allFieldsReady()	0
2022-03-24 20:28:17	void org.eservice.notice.component.NoticeAPI.dbUploadFields()	133
2022-03-24 20:28:18	CmSignatory org.eservice.notice.repository.SignatoryRepository.findBySignatoryId(String)	8
2022-03-24 20:28:29	ByteArrayOutputStream org.eservice.notice.component.NoticeAPI.generateNotice()	11542
2022-03-24 20:28:29	ResponseEntity org.eservice.notice.controller.GenerateProgramCode.generateMockPdf(String)	20241
2022-03-24 20:29:43	void org.eservice.notice.component.ApplicationStartupTask.run(String[])	19
2022-03-24 20:29:44	String org.eservice.notice.component.NoticeAPI.getImagePath()	15
2022-03-24 20:29:44	ImageField org.eservice.notice.component.NoticeAPI.createImageField(String)	3
2022-03-24 20:29:44	List org.eservice.notice.repository.NoticeRepository.findByNoticeNum(String)	100
2022-03-24 20:29:52	void org.eservice.notice.component.NoticeAPI.createNotice(NoticeNumEnum,RecipientAddress)	7860
2022-03-24 20:29:52	List org.eservice.notice.repository.NoticeRepository.findByNoticeNum(String)	3
2022-03-24 20:29:52	List org.eservice.notice.repository.NoticeFieldsRepository.findMergeFieldsByNoticeId(String)	6
2022-03-24 20:29:52	List org.eservice.notice.repository.NoticeFieldsRepository.findTableFieldsByNoticeId(String)	6
2022-03-24 20:29:52	List org.eservice.notice.repository.NoticeFieldsRepository.findAllByNoticeId(String)	6
2022-03-24 20:29:52	void org.eservice.notice.component.NoticeAPI.populateTableField(String,Map)	8
2022-03-24 20:29:52	List org.eservice.notice.repository.NoticeFieldsRepository.findAllByNoticeId(String)	5
2022-03-24 20:29:52	void org.eservice.notice.component.NoticeAPI.populateTableField(String,Map)	5
2022-03-24 20:29:52	List org.eservice.notice.repository.NoticeFieldsRepository.findAllByNoticeId(String)	6
2022-03-24 20:29:52	void org.eservice.notice.component.NoticeAPI.populateTableField(String,Map)	6
2022-03-24 20:29:52	List org.eservice.notice.repository.NoticeFieldsRepository.findAllByNoticeId(String)	7
2022-03-24 20:29:52	void org.eservice.notice.component.NoticeAPI.populateTableField(String,Map)	7
2022-03-24 20:29:52	List org.eservice.notice.repository.NoticeFieldsRepository.findAllByNoticeId(String)	9
2022-03-24 20:29:52	void org.eservice.notice.component.NoticeAPI.populateTableField(String,Map)	10
2022-03-24 20:29:52	void org.eservice.notice.component.NoticeAPI.allFieldsReady()	1
2022-03-24 20:29:52	void org.eservice.notice.component.NoticeAPI.dbUploadFields()	214
2022-03-24 20:29:52	CmSignatory org.eservice.notice.repository.SignatoryRepository.findBySignatoryId(String)	12
2022-03-24 20:30:04	ByteArrayOutputStream org.eservice.notice.component.NoticeAPI.generateNotice()	11490
2022-03-24 20:30:04	ResponseEntity org.eservice.notice.controller.GenerateProgramCode.generateMockPdf(String)	20030
2022-03-24 20:31:21	void org.eservice.notice.component.ApplicationStartupTask.run(String[])	10
2022-03-24 20:31:25	String org.eservice.notice.component.NoticeAPI.getImagePath()	21
2022-03-24 20:31:25	ImageField org.eservice.notice.component.NoticeAPI.createImageField(String)	4
2022-03-24 20:31:25	List org.eservice.notice.repository.NoticeRepository.findByNoticeNum(String)	95
2022-03-24 20:31:32	void org.eservice.notice.component.NoticeAPI.createNotice(NoticeNumEnum,RecipientAddress)	6559
2022-03-24 20:31:32	List org.eservice.notice.repository.NoticeRepository.findByNoticeNum(String)	7
2022-03-24 20:31:32	List org.eservice.notice.repository.NoticeFieldsRepository.findMergeFieldsByNoticeId(String)	7
2022-03-24 20:31:32	List org.eservice.notice.repository.NoticeFieldsRepository.findTableFieldsByNoticeId(String)	7
2022-03-24 20:31:32	List org.eservice.notice.repository.NoticeFieldsRepository.findAllByNoticeId(String)	6
2022-03-24 20:31:32	void org.eservice.notice.component.NoticeAPI.populateTableField(String,Map)	9
2022-03-24 20:31:32	List org.eservice.notice.repository.NoticeFieldsRepository.findAllByNoticeId(String)	6
2022-03-24 20:31:32	void org.eservice.notice.component.NoticeAPI.populateTableField(String,Map)	6
2022-03-24 20:31:32	List org.eservice.notice.repository.NoticeFieldsRepository.findAllByNoticeId(String)	5
2022-03-24 20:31:32	void org.eservice.notice.component.NoticeAPI.populateTableField(String,Map)	5
2022-03-24 20:31:32	List org.eservice.notice.repository.NoticeFieldsRepository.findAllByNoticeId(String)	5
2022-03-24 20:31:32	void org.eservice.notice.component.NoticeAPI.populateTableField(String,Map)	6
2022-03-24 20:31:32	List org.eservice.notice.repository.NoticeFieldsRepository.findAllByNoticeId(String)	4
2022-03-24 20:31:32	void org.eservice.notice.component.NoticeAPI.populateTableField(String,Map)	6
2022-03-24 20:31:32	void org.eservice.notice.component.NoticeAPI.allFieldsReady()	0
2022-03-24 20:31:32	void org.eservice.notice.component.NoticeAPI.dbUploadFields()	157
2022-03-24 20:31:32	CmSignatory org.eservice.notice.repository.SignatoryRepository.findBySignatoryId(String)	8
2022-03-24 20:31:42	ByteArrayOutputStream org.eservice.notice.component.NoticeAPI.generateNotice()	9855
2022-03-24 20:31:42	ResponseEntity org.eservice.notice.controller.GenerateProgramCode.generateMockPdf(String)	17030
