
2022-03-25 21:14:44	void org.eservice.notice.component.ApplicationStartupTask.run(String[])	43
2022-03-25 21:16:55	String org.eservice.notice.component.NoticeAPI.getImagePath()	14
2022-03-25 21:16:55	ImageField org.eservice.notice.component.NoticeAPI.createImageField(String)	4
2022-03-25 21:16:55	List org.eservice.notice.repository.NoticeRepository.findByNoticeNum(String)	77
2022-03-25 21:17:01	void org.eservice.notice.component.NoticeAPI.createNotice(NoticeNumEnum,RecipientAddress)	5580
2022-03-25 21:17:01	List org.eservice.notice.repository.NoticeRepository.findByNoticeNum(String)	3
2022-03-25 21:17:01	List org.eservice.notice.repository.NoticeFieldsRepository.findMergeFieldsByNoticeId(String)	8
2022-03-25 21:17:01	TextField org.eservice.notice.component.NoticeAPI.createTextField(String)	0
2022-03-25 21:17:01	TextField org.eservice.notice.component.NoticeAPI.createTextField(String)	0
2022-03-25 21:17:01	TextField org.eservice.notice.component.NoticeAPI.createTextField(String)	0
2022-03-25 21:17:01	TextField org.eservice.notice.component.NoticeAPI.createTextField(String)	0
2022-03-25 21:17:01	QrCodeField org.eservice.notice.component.NoticeAPI.createQrCodeField(String,int,int)	1
2022-03-25 21:17:01	List org.eservice.notice.repository.NoticeFieldsRepository.findAllByNoticeId(String)	8
2022-03-25 21:17:01	void org.eservice.notice.component.NoticeAPI.populateMergeFields(Map)	162
2022-03-25 21:17:01	List org.eservice.notice.repository.NoticeFieldsRepository.findTableFieldsByNoticeId(String)	4
2022-03-25 21:17:01	void org.eservice.notice.component.NoticeAPI.allFieldsReady()	0
2022-03-25 21:17:01	void org.eservice.notice.component.NoticeAPI.dbUploadFields()	145
2022-03-25 21:17:02	CmSignatory org.eservice.notice.repository.SignatoryRepository.findBySignatoryId(String)	4
2022-03-25 21:17:21	ByteArrayOutputStream org.eservice.notice.component.NoticeAPI.generateNotice()	20267
2022-03-25 21:17:21	ResponseEntity org.eservice.notice.controller.GenerateProgramCode.generateMockPdf(String)	26517
2022-03-25 21:37:31	void org.eservice.notice.component.ApplicationStartupTask.run(String[])	25
2022-03-25 21:37:37	String org.eservice.notice.component.NoticeAPI.getImagePath()	19
2022-03-25 21:37:37	ImageField org.eservice.notice.component.NoticeAPI.createImageField(String)	4
2022-03-25 21:37:37	List org.eservice.notice.repository.NoticeRepository.findByNoticeNum(String)	78
2022-03-25 21:37:44	void org.eservice.notice.component.NoticeAPI.createNotice(NoticeNumEnum,RecipientAddress)	6641
2022-03-25 21:37:44	List org.eservice.notice.repository.NoticeRepository.findByNoticeNum(String)	5
2022-03-25 21:37:44	List org.eservice.notice.repository.NoticeFieldsRepository.findMergeFieldsByNoticeId(String)	6
2022-03-25 21:37:44	TextField org.eservice.notice.component.NoticeAPI.createTextField(String)	0
2022-03-25 21:37:44	TextField org.eservice.notice.component.NoticeAPI.createTextField(String)	0
2022-03-25 21:37:44	TextField org.eservice.notice.component.NoticeAPI.createTextField(String)	0
2022-03-25 21:37:44	TextField org.eservice.notice.component.NoticeAPI.createTextField(String)	0
2022-03-25 21:37:44	QrCodeField org.eservice.notice.component.NoticeAPI.createQrCodeField(String,int,int)	1
2022-03-25 21:37:44	List org.eservice.notice.repository.NoticeFieldsRepository.findAllByNoticeId(String)	5
2022-03-25 21:37:44	void org.eservice.notice.component.NoticeAPI.populateMergeFields(Map)	164
2022-03-25 21:37:44	List org.eservice.notice.repository.NoticeFieldsRepository.findTableFieldsByNoticeId(String)	5
2022-03-25 21:37:44	void org.eservice.notice.component.NoticeAPI.allFieldsReady()	0
2022-03-25 21:37:44	void org.eservice.notice.component.NoticeAPI.dbUploadFields()	136
2022-03-25 21:37:45	CmSignatory org.eservice.notice.repository.SignatoryRepository.findBySignatoryId(String)	8
2022-03-25 21:38:01	ByteArrayOutputStream org.eservice.notice.component.NoticeAPI.generateNotice()	17510
2022-03-25 21:38:01	ResponseEntity org.eservice.notice.controller.GenerateProgramCode.generateMockPdf(String)	24848
2022-03-25 21:39:35	void org.eservice.notice.component.ApplicationStartupTask.run(String[])	11
2022-03-25 21:43:00	void org.eservice.notice.component.ApplicationStartupTask.run(String[])	19
2022-03-25 21:58:15	void org.eservice.notice.component.ApplicationStartupTask.run(String[])	18
2022-03-25 22:01:02	void org.eservice.notice.component.ApplicationStartupTask.run(String[])	10
2022-03-25 22:01:44	String org.eservice.notice.component.NoticeAPI.getImagePath()	12
2022-03-25 22:01:44	ImageField org.eservice.notice.component.NoticeAPI.createImageField(String)	3
2022-03-25 22:01:45	List org.eservice.notice.repository.NoticeRepository.findByNoticeNum(String)	73
2022-03-25 22:01:52	void org.eservice.notice.component.NoticeAPI.createNotice(NoticeNumEnum,RecipientAddress)	7360
2022-03-25 22:01:52	List org.eservice.notice.repository.NoticeRepository.findByNoticeNum(String)	4
2022-03-25 22:01:52	List org.eservice.notice.repository.NoticeFieldsRepository.findMergeFieldsByNoticeId(String)	10
2022-03-25 22:01:52	TextField org.eservice.notice.component.NoticeAPI.createTextField(String)	0
2022-03-25 22:01:52	TextField org.eservice.notice.component.NoticeAPI.createTextField(String)	0
2022-03-25 22:01:52	TextField org.eservice.notice.component.NoticeAPI.createTextField(String)	0
2022-03-25 22:01:52	TextField org.eservice.notice.component.NoticeAPI.createTextField(String)	0
2022-03-25 22:01:52	QrCodeField org.eservice.notice.component.NoticeAPI.createQrCodeField(String,int,int)	1
2022-03-25 22:01:52	List org.eservice.notice.repository.NoticeFieldsRepository.findAllByNoticeId(String)	8
2022-03-25 22:01:52	void org.eservice.notice.component.NoticeAPI.populateMergeFields(Map)	210
2022-03-25 22:01:52	List org.eservice.notice.repository.NoticeFieldsRepository.findTableFieldsByNoticeId(String)	5
2022-03-25 22:01:52	void org.eservice.notice.component.NoticeAPI.allFieldsReady()	0
2022-03-25 22:01:52	void org.eservice.notice.component.NoticeAPI.dbUploadFields()	164
2022-03-25 22:01:53	CmSignatory org.eservice.notice.repository.SignatoryRepository.findBySignatoryId(String)	16
2022-03-25 22:02:15	ByteArrayOutputStream org.eservice.notice.component.NoticeAPI.generateNotice()	22983
2022-03-25 22:02:15	ResponseEntity org.eservice.notice.controller.GenerateProgramCode.generateMockPdf(String)	31068
2022-03-25 22:03:57	String org.eservice.notice.component.NoticeAPI.getImagePath()	0
2022-03-25 22:03:57	ImageField org.eservice.notice.component.NoticeAPI.createImageField(String)	2
2022-03-25 22:03:57	List org.eservice.notice.repository.NoticeRepository.findByNoticeNum(String)	14
2022-03-25 22:03:57	void org.eservice.notice.component.NoticeAPI.createNotice(NoticeNumEnum,RecipientAddress)	56
2022-03-25 22:03:57	List org.eservice.notice.repository.NoticeRepository.findByNoticeNum(String)	9
2022-03-25 22:03:57	List org.eservice.notice.repository.NoticeFieldsRepository.findMergeFieldsByNoticeId(String)	10
2022-03-25 22:03:57	TextField org.eservice.notice.component.NoticeAPI.createTextField(String)	0
2022-03-25 22:03:57	TextField org.eservice.notice.component.NoticeAPI.createTextField(String)	0
2022-03-25 22:03:57	TextField org.eservice.notice.component.NoticeAPI.createTextField(String)	0
2022-03-25 22:03:57	TextField org.eservice.notice.component.NoticeAPI.createTextField(String)	0
2022-03-25 22:03:57	QrCodeField org.eservice.notice.component.NoticeAPI.createQrCodeField(String,int,int)	0
2022-03-25 22:03:57	List org.eservice.notice.repository.NoticeFieldsRepository.findAllByNoticeId(String)	7
2022-03-25 22:03:57	void org.eservice.notice.component.NoticeAPI.populateMergeFields(Map)	28
2022-03-25 22:03:57	List org.eservice.notice.repository.NoticeFieldsRepository.findTableFieldsByNoticeId(String)	4
2022-03-25 22:03:57	void org.eservice.notice.component.NoticeAPI.allFieldsReady()	1
2022-03-25 22:03:57	void org.eservice.notice.component.NoticeAPI.dbUploadFields()	30
2022-03-25 22:03:57	CmSignatory org.eservice.notice.repository.SignatoryRepository.findBySignatoryId(String)	14
2022-03-25 22:04:12	ByteArrayOutputStream org.eservice.notice.component.NoticeAPI.generateNotice()	15305
2022-03-25 22:04:12	ResponseEntity org.eservice.notice.controller.GenerateProgramCode.generateMockPdf(String)	15528
